<?xml version="1.0" encoding="UTF-8"?>
<!-- Generated by org.testng.reporters.JUnitReportReporter -->
<testsuite hostname="RU1204199691" name="com.example.tests.CommercialCreationTests" tests="1" failures="0" timestamp="11 Feb 2014 13:47:55 GMT" time="11.184" errors="0">
  <testcase name="testCommercialCreationWithValidData" time="11.184" classname="com.example.tests.CommercialCreationTests"/>
</testsuite> <!-- com.example.tests.CommercialCreationTests -->
