<?xml version="1.0" encoding="UTF-8"?>
<!-- Generated by org.testng.reporters.JUnitReportReporter -->
<testsuite hostname="RU1204199691" name="com.example.tests.ApartmentCreationTests" tests="1" failures="0" timestamp="11 Feb 2014 13:47:34 GMT" time="9.566" errors="0">
  <testcase name="testApartmentCreationWithValidData" time="9.566" classname="com.example.tests.ApartmentCreationTests"/>
</testsuite> <!-- com.example.tests.ApartmentCreationTests -->
