<?xml version="1.0" encoding="UTF-8"?>
<!-- Generated by org.testng.reporters.JUnitReportReporter -->
<<<<<<< HEAD
<testsuite hostname="RMLFD0456" name="com.example.tests.CommercialCreationTests" tests="1" failures="0" timestamp="15 Feb 2014 09:16:42 GMT" time="10.507" errors="0">
  <testcase name="testCommercialCreationWithValidData" time="10.507" classname="com.example.tests.CommercialCreationTests"/>
=======
<testsuite hostname="RU1204199691" name="com.example.tests.CommercialCreationTests" tests="1" failures="0" timestamp="12 Feb 2014 16:02:15 GMT" time="12.337" errors="0">
  <testcase name="testCommercialCreationWithValidData" time="12.337" classname="com.example.tests.CommercialCreationTests"/>
>>>>>>> 02dc0dc30182e42118c128b15a775b3a77a8db9f
</testsuite> <!-- com.example.tests.CommercialCreationTests -->
