<?xml version="1.0" encoding="UTF-8"?>
<!-- Generated by org.testng.reporters.JUnitReportReporter -->
<testsuite hostname="IGRDC" name="com.example.tests.VasilievoCreationTests" tests="1" failures="0" timestamp="6 Jun 2014 19:37:11 GMT" time="24.081" errors="0">
  <testcase name="testApartmentCreationWithValidData" time="24.081" classname="com.example.tests.VasilievoCreationTests"/>
</testsuite> <!-- com.example.tests.VasilievoCreationTests -->
