<?xml version="1.0" encoding="UTF-8"?>
<!-- Generated by org.testng.reporters.JUnitReportReporter -->
<testsuite hostname="RMLFD0456" name="com.example.tests.CommercialCreationTests" tests="1" failures="1" timestamp="10 Feb 2014 19:54:37 GMT" time="0.000" errors="0">
  <testcase name="testCommercialCreationWithValidData" time="0.000" classname="com.example.tests.CommercialCreationTests">
    <failure type="java.lang.RuntimeException" message="com.thoughtworks.xstream.mapper.CannotResolveClassException: commercial">
      <![CDATA[java.lang.RuntimeException: com.thoughtworks.xstream.mapper.CannotResolveClassException: commercial
	at org.testng.internal.MethodInvocationHelper.invokeDataProvider(MethodInvocationHelper.java:161)
	at org.testng.internal.Parameters.handleParameters(Parameters.java:429)
	at org.testng.internal.Invoker.handleParameters(Invoker.java:1383)
	at org.testng.internal.Invoker.createParameters(Invoker.java:1075)
	at org.testng.internal.Invoker.invokeTestMethods(Invoker.java:1180)
	at org.testng.internal.TestMethodWorker.invokeTestMethods(TestMethodWorker.java:127)
	at org.testng.internal.TestMethodWorker.run(TestMethodWorker.java:111)
	at org.testng.TestRunner.privateRun(TestRunner.java:767)
	at org.testng.TestRunner.run(TestRunner.java:617)
	at org.testng.SuiteRunner.runTest(SuiteRunner.java:334)
	at org.testng.SuiteRunner.runSequentially(SuiteRunner.java:329)
	at org.testng.SuiteRunner.privateRun(SuiteRunner.java:291)
	at org.testng.SuiteRunner.run(SuiteRunner.java:240)
	at org.testng.SuiteRunnerWorker.runSuite(SuiteRunnerWorker.java:52)
	at org.testng.SuiteRunnerWorker.run(SuiteRunnerWorker.java:86)
	at org.testng.TestNG.runSuitesSequentially(TestNG.java:1224)
	at org.testng.TestNG.runSuitesLocally(TestNG.java:1149)
	at org.testng.TestNG.run(TestNG.java:1057)
	at org.testng.remote.RemoteTestNG.run(RemoteTestNG.java:111)
	at org.testng.remote.RemoteTestNG.initAndRun(RemoteTestNG.java:204)
	at org.testng.remote.RemoteTestNG.main(RemoteTestNG.java:175)
Caused by: com.thoughtworks.xstream.mapper.CannotResolveClassException: commercial
	at com.thoughtworks.xstream.mapper.DefaultMapper.realClass(DefaultMapper.java:79)
	at com.thoughtworks.xstream.mapper.MapperWrapper.realClass(MapperWrapper.java:30)
	at com.thoughtworks.xstream.mapper.DynamicProxyMapper.realClass(DynamicProxyMapper.java:55)
	at com.thoughtworks.xstream.mapper.MapperWrapper.realClass(MapperWrapper.java:30)
	at com.thoughtworks.xstream.mapper.PackageAliasingMapper.realClass(PackageAliasingMapper.java:88)
	at com.thoughtworks.xstream.mapper.MapperWrapper.realClass(MapperWrapper.java:30)
	at com.thoughtworks.xstream.mapper.ClassAliasingMapper.realClass(ClassAliasingMapper.java:79)
	at com.thoughtworks.xstream.mapper.MapperWrapper.realClass(MapperWrapper.java:30)
	at com.thoughtworks.xstream.mapper.MapperWrapper.realClass(MapperWrapper.java:30)
	at com.thoughtworks.xstream.mapper.MapperWrapper.realClass(MapperWrapper.java:30)
	at com.thoughtworks.xstream.mapper.MapperWrapper.realClass(MapperWrapper.java:30)
	at com.thoughtworks.xstream.mapper.MapperWrapper.realClass(MapperWrapper.java:30)
	at com.thoughtworks.xstream.mapper.MapperWrapper.realClass(MapperWrapper.java:30)
	at com.thoughtworks.xstream.mapper.ArrayMapper.realClass(ArrayMapper.java:74)
	at com.thoughtworks.xstream.mapper.MapperWrapper.realClass(MapperWrapper.java:30)
	at com.thoughtworks.xstream.mapper.MapperWrapper.realClass(MapperWrapper.java:30)
	at com.thoughtworks.xstream.mapper.MapperWrapper.realClass(MapperWrapper.java:30)
	at com.thoughtworks.xstream.mapper.MapperWrapper.realClass(MapperWrapper.java:30)
	at com.thoughtworks.xstream.mapper.MapperWrapper.realClass(MapperWrapper.java:30)
	at com.thoughtworks.xstream.mapper.MapperWrapper.realClass(MapperWrapper.java:30)
	at com.thoughtworks.xstream.mapper.MapperWrapper.realClass(MapperWrapper.java:30)
	at com.thoughtworks.xstream.mapper.CachingMapper.realClass(CachingMapper.java:45)
	at com.thoughtworks.xstream.core.util.HierarchicalStreams.readClassType(HierarchicalStreams.java:29)
	at com.thoughtworks.xstream.core.TreeUnmarshaller.start(TreeUnmarshaller.java:133)
	at com.thoughtworks.xstream.core.AbstractTreeMarshallingStrategy.unmarshal(AbstractTreeMarshallingStrategy.java:32)
	at com.thoughtworks.xstream.XStream.unmarshal(XStream.java:1157)
	at com.thoughtworks.xstream.XStream.unmarshal(XStream.java:1141)
	at com.thoughtworks.xstream.XStream.fromXML(XStream.java:1105)
	at com.thoughtworks.xstream.XStream.fromXML(XStream.java:1047)
	at com.example.tests.CommercialDataGenerator.loadCommercialFromXmlFile(CommercialDataGenerator.java:42)
	at com.example.tests.CommercialCreationTests.commercialFromFile(CommercialCreationTests.java:19)
	at sun.reflect.NativeMethodAccessorImpl.invoke0(Native Method)
	at sun.reflect.NativeMethodAccessorImpl.invoke(Unknown Source)
	at sun.reflect.DelegatingMethodAccessorImpl.invoke(Unknown Source)
	at java.lang.reflect.Method.invoke(Unknown Source)
	at org.testng.internal.MethodInvocationHelper.invokeMethod(MethodInvocationHelper.java:84)
	at org.testng.internal.MethodInvocationHelper.invokeDataProvider(MethodInvocationHelper.java:153)
	... 20 more
]]>
    </failure>
  </testcase> <!-- testCommercialCreationWithValidData -->
</testsuite> <!-- com.example.tests.CommercialCreationTests -->
