<?xml version="1.0" encoding="UTF-8"?>
<!-- Generated by org.testng.reporters.JUnitReportReporter -->
<<<<<<< HEAD
<testsuite hostname="RMLFD0456" name="com.example.tests.ApartmentCreationTests" tests="1" failures="0" timestamp="15 Feb 2014 09:15:45 GMT" time="10.259" errors="0">
  <testcase name="testApartmentCreationWithValidData" time="10.259" classname="com.example.tests.ApartmentCreationTests"/>
=======
<testsuite hostname="RU1204199691" name="com.example.tests.ApartmentCreationTests" tests="1" failures="0" timestamp="12 Feb 2014 16:03:03 GMT" time="10.068" errors="0">
  <testcase name="testApartmentCreationWithValidData" time="10.068" classname="com.example.tests.ApartmentCreationTests"/>
>>>>>>> 02dc0dc30182e42118c128b15a775b3a77a8db9f
</testsuite> <!-- com.example.tests.ApartmentCreationTests -->
