<?xml version="1.0" encoding="UTF-8"?>
<!-- Generated by org.testng.reporters.JUnitReportReporter -->
<testsuite hostname="IGRDC" name="com.example.tests.BondarenkoCommercialCreationTests" tests="1" failures="0" timestamp="31 Jul 2014 20:54:49 GMT" time="19.005" errors="0">
  <testcase name="testCommercialCreationWithValidData" time="19.005" classname="com.example.tests.BondarenkoCommercialCreationTests"/>
</testsuite> <!-- com.example.tests.BondarenkoCommercialCreationTests -->
