<?xml version="1.0" encoding="UTF-8"?>
<!-- Generated by org.testng.reporters.JUnitReportReporter -->
<testsuite hostname="RMLFD0456" name="com.example.tests.ApartmentCreationTests" tests="1" failures="0" timestamp="15 Feb 2014 09:15:45 GMT" time="10.259" errors="0">
  <testcase name="testApartmentCreationWithValidData" time="10.259" classname="com.example.tests.ApartmentCreationTests"/>
</testsuite> <!-- com.example.tests.ApartmentCreationTests -->
