<?xml version="1.0" encoding="UTF-8"?>
<!-- Generated by org.testng.reporters.JUnitReportReporter -->
<testsuite hostname="RU1204199691" name="com.example.tests.CommercialCreationTests" tests="1" failures="0" timestamp="11 Mar 2014 10:48:10 GMT" time="11.650" errors="0">
  <testcase name="testCommercialCreationWithValidData" time="11.650" classname="com.example.tests.CommercialCreationTests"/>
</testsuite> <!-- com.example.tests.CommercialCreationTests -->
