<?xml version="1.0" encoding="UTF-8"?>
<!-- Generated by org.testng.reporters.JUnitReportReporter -->
<testsuite hostname="RMLFD0456" name="com.example.tests.ApartmentCreationTests" tests="1" failures="0" timestamp="9 Feb 2014 11:13:46 GMT" time="16.194" errors="0">
  <testcase name="testApartmentCreationWithValidData" time="16.194" classname="com.example.tests.ApartmentCreationTests"/>
</testsuite> <!-- com.example.tests.ApartmentCreationTests -->
