<?xml version="1.0" encoding="UTF-8"?>
<!-- Generated by org.testng.reporters.JUnitReportReporter -->
<testsuite hostname="IGRDC" name="com.example.tests.BondarenkoApartmentCreationTests" tests="1" failures="0" timestamp="7 Aug 2014 14:23:05 GMT" time="13.373" errors="0">
  <testcase name="testApartmentCreationWithValidData" time="13.373" classname="com.example.tests.BondarenkoApartmentCreationTests"/>
</testsuite> <!-- com.example.tests.BondarenkoApartmentCreationTests -->
