<?xml version="1.0" encoding="UTF-8"?>
<!-- Generated by org.testng.reporters.JUnitReportReporter -->
<testsuite hostname="IGRDC" name="com.example.tests.HouseCreationTests" tests="1" failures="0" timestamp="6 Jun 2014 20:44:40 GMT" time="19.171" errors="0">
  <testcase name="testApartmentCreationWithValidData" time="19.171" classname="com.example.tests.HouseCreationTests"/>
</testsuite> <!-- com.example.tests.HouseCreationTests -->
