<?xml version="1.0" encoding="UTF-8"?>
<!-- Generated by org.testng.reporters.JUnitReportReporter -->
<testsuite hostname="IGRDC" name="com.example.tests.VasilievoCreationTests" tests="1" failures="0" timestamp="7 Aug 2014 14:21:20 GMT" time="18.990" errors="0">
  <testcase name="testApartmentCreationWithValidData" time="18.990" classname="com.example.tests.VasilievoCreationTests"/>
</testsuite> <!-- com.example.tests.VasilievoCreationTests -->
