<?xml version="1.0" encoding="UTF-8"?>
<!-- Generated by org.testng.reporters.JUnitReportReporter -->
<testsuite hostname="IGRDC" name="com.example.tests.ChistopolskayaApartmentCreationTests" tests="1" failures="0" timestamp="26 Jul 2014 08:08:32 GMT" time="7.715" errors="0">
  <testcase name="testApartmentCreationWithValidData" time="7.715" classname="com.example.tests.ChistopolskayaApartmentCreationTests"/>
</testsuite> <!-- com.example.tests.ChistopolskayaApartmentCreationTests -->
