<?xml version="1.0" encoding="UTF-8"?>
<!-- Generated by org.testng.reporters.JUnitReportReporter -->
<testsuite hostname="IGRDC" name="com.example.tests.VasilievoCreationTests" tests="1" failures="0" timestamp="31 Jul 2014 06:06:23 GMT" time="19.020" errors="0">
  <testcase name="testApartmentCreationWithValidData" time="19.020" classname="com.example.tests.VasilievoCreationTests"/>
</testsuite> <!-- com.example.tests.VasilievoCreationTests -->
