<?xml version="1.0" encoding="UTF-8"?>
<!-- Generated by org.testng.reporters.JUnitReportReporter -->
<testsuite hostname="IGRDC" name="com.example.tests.YudinoApartmentCreationTests" tests="1" failures="0" timestamp="31 Jul 2014 20:34:18 GMT" time="70.890" errors="0">
  <testcase name="testApartmentCreationWithValidData" time="70.890" classname="com.example.tests.YudinoApartmentCreationTests"/>
</testsuite> <!-- com.example.tests.YudinoApartmentCreationTests -->
