<?xml version="1.0" encoding="UTF-8"?>
<!-- Generated by org.testng.reporters.JUnitReportReporter -->
<testsuite hostname="IGRDC" name="com.example.tests.ChistopolskayaApartmentCreationTests" tests="1" failures="0" timestamp="7 Aug 2014 14:20:14 GMT" time="11.038" errors="0">
  <testcase name="testApartmentCreationWithValidData" time="11.038" classname="com.example.tests.ChistopolskayaApartmentCreationTests"/>
</testsuite> <!-- com.example.tests.ChistopolskayaApartmentCreationTests -->
