<?xml version="1.0" encoding="UTF-8"?>
<!-- Generated by org.testng.reporters.JUnitReportReporter -->
<testsuite hostname="RU1204199691" name="com.example.tests.ApartmentCreationTests" tests="1" failures="0" timestamp="11 Mar 2014 10:45:56 GMT" time="11.709" errors="0">
  <testcase name="testApartmentCreationWithValidData" time="11.709" classname="com.example.tests.ApartmentCreationTests"/>
</testsuite> <!-- com.example.tests.ApartmentCreationTests -->
