<?xml version="1.0" encoding="UTF-8"?>
<!-- Generated by org.testng.reporters.JUnitReportReporter -->
<testsuite hostname="IGRDC" name="com.example.tests.CommercialCreationTests" tests="1" failures="0" timestamp="30 Mar 2014 16:44:40 GMT" time="14.319" errors="0">
  <testcase name="testCommercialCreationWithValidData" time="14.319" classname="com.example.tests.CommercialCreationTests"/>
</testsuite> <!-- com.example.tests.CommercialCreationTests -->
