<?xml version="1.0" encoding="UTF-8"?>
<!-- Generated by org.testng.reporters.JUnitReportReporter -->
<testsuite hostname="IGRDC" name="com.example.tests.ApartmentCreationTests" tests="1" failures="0" timestamp="23 Jul 2014 07:03:46 GMT" time="10.106" errors="0">
  <testcase name="testApartmentCreationWithValidData" time="10.106" classname="com.example.tests.ApartmentCreationTests"/>
</testsuite> <!-- com.example.tests.ApartmentCreationTests -->
