<?xml version="1.0" encoding="UTF-8"?>
<!-- Generated by org.testng.reporters.JUnitReportReporter -->
<testsuite hostname="IGRDC" name="com.example.tests.CommercialCreationTests" tests="1" failures="0" timestamp="23 Jul 2014 07:04:14 GMT" time="9.541" errors="0">
  <testcase name="testCommercialCreationWithValidData" time="9.541" classname="com.example.tests.CommercialCreationTests"/>
</testsuite> <!-- com.example.tests.CommercialCreationTests -->
