<?xml version="1.0" encoding="UTF-8"?>
<!-- Generated by org.testng.reporters.JUnitReportReporter -->
<testsuite hostname="IGRDC" name="com.example.tests.HouseCreationTests" tests="1" failures="0" timestamp="19 Jul 2014 09:14:09 GMT" time="17.211" errors="0">
  <testcase name="testApartmentCreationWithValidData" time="17.211" classname="com.example.tests.HouseCreationTests"/>
</testsuite> <!-- com.example.tests.HouseCreationTests -->
