<?xml version="1.0" encoding="UTF-8"?>
<!-- Generated by org.testng.reporters.JUnitReportReporter -->
<testsuite hostname="IGRDC" name="com.example.tests.BondarenkoApartmentCreationTests" tests="1" failures="0" timestamp="31 Jul 2014 06:03:19 GMT" time="10.796" errors="0">
  <testcase name="testApartmentCreationWithValidData" time="10.796" classname="com.example.tests.BondarenkoApartmentCreationTests"/>
</testsuite> <!-- com.example.tests.BondarenkoApartmentCreationTests -->
