<?xml version="1.0" encoding="UTF-8"?>
<!-- Generated by org.testng.reporters.JUnitReportReporter -->
<testsuite hostname="IGRDC" name="com.example.tests.BondarenkoApartmentCreationTests" tests="1" failures="0" timestamp="31 Jul 2014 20:50:19 GMT" time="13.428" errors="0">
  <testcase name="testApartmentCreationWithValidData" time="13.428" classname="com.example.tests.BondarenkoApartmentCreationTests"/>
</testsuite> <!-- com.example.tests.BondarenkoApartmentCreationTests -->
