<?xml version="1.0" encoding="UTF-8"?>
<!-- Generated by org.testng.reporters.JUnitReportReporter -->
<testsuite hostname="IGRDC" name="com.example.tests.BondarenkoCommercialCreationTests" tests="1" failures="0" timestamp="7 Aug 2014 14:26:42 GMT" time="12.882" errors="0">
  <testcase name="testCommercialCreationWithValidData" time="12.882" classname="com.example.tests.BondarenkoCommercialCreationTests"/>
</testsuite> <!-- com.example.tests.BondarenkoCommercialCreationTests -->
