<?xml version="1.0" encoding="UTF-8"?>
<!-- Generated by org.testng.reporters.JUnitReportReporter -->
<testsuite hostname="IGRDC" name="com.example.tests.YudinoApartmentCreationTests" tests="1" failures="0" timestamp="3 Aug 2014 16:21:56 GMT" time="57.554" errors="0">
  <testcase name="testApartmentCreationWithValidData" time="57.554" classname="com.example.tests.YudinoApartmentCreationTests"/>
</testsuite> <!-- com.example.tests.YudinoApartmentCreationTests -->
