<?xml version="1.0" encoding="UTF-8"?>
<!-- Generated by org.testng.reporters.JUnitReportReporter -->
<testsuite hostname="RU1204199691" name="com.example.tests.CommercialCreationTests" tests="1" failures="0" timestamp="12 Feb 2014 16:02:15 GMT" time="12.337" errors="0">
  <testcase name="testCommercialCreationWithValidData" time="12.337" classname="com.example.tests.CommercialCreationTests"/>
</testsuite> <!-- com.example.tests.CommercialCreationTests -->
