<?xml version="1.0" encoding="UTF-8"?>
<!-- Generated by org.testng.reporters.JUnitReportReporter -->
<testsuite hostname="IGRDC" name="com.example.tests.BondarenkoApartmentCreationTests" tests="1" failures="0" timestamp="26 Jul 2014 08:39:33 GMT" time="9.665" errors="0">
  <testcase name="testApartmentCreationWithValidData" time="9.665" classname="com.example.tests.BondarenkoApartmentCreationTests"/>
</testsuite> <!-- com.example.tests.BondarenkoApartmentCreationTests -->
