<?xml version="1.0" encoding="UTF-8"?>
<!-- Generated by org.testng.reporters.JUnitReportReporter -->
<testsuite hostname="IGRDC" name="com.example.tests.CommercialCreationTests" tests="1" failures="0" timestamp="6 Jun 2014 20:27:22 GMT" time="10.414" errors="0">
  <testcase name="testCommercialCreationWithValidData" time="10.414" classname="com.example.tests.CommercialCreationTests"/>
</testsuite> <!-- com.example.tests.CommercialCreationTests -->
