<?xml version="1.0" encoding="UTF-8"?>
<!-- Generated by org.testng.reporters.JUnitReportReporter -->
<testsuite hostname="IGRDC" name="com.example.tests.CommercialCreationTests" tests="1" failures="0" timestamp="31 Mar 2014 20:16:48 GMT" time="11.022" errors="0">
  <testcase name="testCommercialCreationWithValidData" time="11.022" classname="com.example.tests.CommercialCreationTests"/>
</testsuite> <!-- com.example.tests.CommercialCreationTests -->
