<?xml version="1.0" encoding="UTF-8"?>
<!-- Generated by org.testng.reporters.JUnitReportReporter -->
<testsuite hostname="IGRDC" name="com.example.tests.BondarenkoCommercialCreationTests" tests="1" failures="0" timestamp="26 Jul 2014 09:29:56 GMT" time="9.262" errors="0">
  <testcase name="testCommercialCreationWithValidData" time="9.262" classname="com.example.tests.BondarenkoCommercialCreationTests"/>
</testsuite> <!-- com.example.tests.BondarenkoCommercialCreationTests -->
