<?xml version="1.0" encoding="UTF-8"?>
<!-- Generated by org.testng.reporters.JUnitReportReporter -->
<testsuite hostname="IGRDC" name="com.example.tests.VasilievoCreationTests" tests="1" failures="0" timestamp="23 Jul 2014 07:04:50 GMT" time="17.995" errors="0">
  <testcase name="testApartmentCreationWithValidData" time="17.995" classname="com.example.tests.VasilievoCreationTests"/>
</testsuite> <!-- com.example.tests.VasilievoCreationTests -->
