<?xml version="1.0" encoding="UTF-8"?>
<!-- Generated by org.testng.reporters.JUnitReportReporter -->
<testsuite hostname="RU1204199691" name="com.example.tests.HouseCreationTests" tests="1" failures="0" timestamp="11 Mar 2014 10:49:32 GMT" time="16.349" errors="0">
  <testcase name="testApartmentCreationWithValidData" time="16.349" classname="com.example.tests.HouseCreationTests"/>
</testsuite> <!-- com.example.tests.HouseCreationTests -->
