<?xml version="1.0" encoding="UTF-8"?>
<!-- Generated by org.testng.reporters.JUnitReportReporter -->
<testsuite hostname="IGRDC" name="com.example.tests.ChistopolskayaApartmentCreationTests" tests="1" failures="0" timestamp="31 Jul 2014 20:31:47 GMT" time="12.778" errors="0">
  <testcase name="testApartmentCreationWithValidData" time="12.778" classname="com.example.tests.ChistopolskayaApartmentCreationTests"/>
</testsuite> <!-- com.example.tests.ChistopolskayaApartmentCreationTests -->
