<?xml version="1.0" encoding="UTF-8"?>
<!-- Generated by org.testng.reporters.JUnitReportReporter -->
<testsuite hostname="RU1204199691" name="com.example.tests.ApartmentCreationTests" tests="1" failures="0" timestamp="12 Feb 2014 16:03:03 GMT" time="10.068" errors="0">
  <testcase name="testApartmentCreationWithValidData" time="10.068" classname="com.example.tests.ApartmentCreationTests"/>
</testsuite> <!-- com.example.tests.ApartmentCreationTests -->
