<?xml version="1.0" encoding="UTF-8"?>
<!-- Generated by org.testng.reporters.JUnitReportReporter -->
<testsuite hostname="IGRDC" name="com.example.tests.ApartmentCreationTests" tests="1" failures="0" timestamp="6 Jun 2014 19:28:47 GMT" time="24.701" errors="0">
  <testcase name="testApartmentCreationWithValidData" time="24.701" classname="com.example.tests.ApartmentCreationTests"/>
</testsuite> <!-- com.example.tests.ApartmentCreationTests -->
