<?xml version="1.0" encoding="UTF-8"?>
<!-- Generated by org.testng.reporters.JUnitReportReporter -->
<testsuite hostname="IGRDC" name="com.example.tests.ApartmentCreationTests" tests="1" failures="0" timestamp="31 Mar 2014 20:15:16 GMT" time="11.038" errors="0">
  <testcase name="testApartmentCreationWithValidData" time="11.038" classname="com.example.tests.ApartmentCreationTests"/>
</testsuite> <!-- com.example.tests.ApartmentCreationTests -->
