<?xml version="1.0" encoding="UTF-8"?>
<!-- Generated by org.testng.reporters.JUnitReportReporter -->
<testsuite hostname="RMLFD0456" name="com.example.tests.CommercialCreationTests" tests="1" failures="0" timestamp="15 Feb 2014 09:16:42 GMT" time="10.507" errors="0">
  <testcase name="testCommercialCreationWithValidData" time="10.507" classname="com.example.tests.CommercialCreationTests"/>
</testsuite> <!-- com.example.tests.CommercialCreationTests -->
