<?xml version="1.0" encoding="UTF-8"?>
<!-- Generated by org.testng.reporters.JUnitReportReporter -->
<testsuite hostname="RMFIWAS" name="com.example.tests.GroupCreationTests" tests="2" failures="0" timestamp="20 Oct 2013 19:27:32 GMT" time="15.301" errors="0">
  <testcase name="testNonEmptyGroupCreation" time="7.652" classname="com.example.tests.GroupCreationTests"/>
  <testcase name="testEmptyGroupCreation" time="7.649" classname="com.example.tests.GroupCreationTests"/>
</testsuite> <!-- com.example.tests.GroupCreationTests -->
