<?xml version="1.0" encoding="UTF-8"?>
<!-- Generated by org.testng.reporters.JUnitReportReporter -->
<testsuite hostname="RU1204199691" name="com.example.tests.ContactRemovalTests" tests="1" failures="0" timestamp="7 Nov 2013 08:55:56 GMT" time="0.697" errors="0">
  <testcase name="deleteSomeContact" time="0.697" classname="com.example.tests.ContactRemovalTests"/>
</testsuite> <!-- com.example.tests.ContactRemovalTests -->
