<?xml version="1.0" encoding="UTF-8"?>
<!-- Generated by org.testng.reporters.JUnitReportReporter -->
<testsuite hostname="RU1204199691" name="com.example.tests.GroupRemovalTests" tests="1" failures="0" timestamp="7 Nov 2013 07:23:29 GMT" time="1.185" errors="0">
  <testcase name="deleteSomeGroup" time="1.185" classname="com.example.tests.GroupRemovalTests"/>
</testsuite> <!-- com.example.tests.GroupRemovalTests -->
