<?xml version="1.0" encoding="UTF-8"?>
<!-- Generated by org.testng.reporters.JUnitReportReporter -->
<testsuite hostname="RU1204199691" name="com.example.tests.ContactCreationTests" tests="1" failures="0" timestamp="7 Nov 2013 07:07:43 GMT" time="2.051" errors="0">
  <testcase name="testNonEmptyContactCreation" time="2.051" classname="com.example.tests.ContactCreationTests"/>
</testsuite> <!-- com.example.tests.ContactCreationTests -->
