<?xml version="1.0" encoding="UTF-8"?>
<!-- Generated by org.testng.reporters.JUnitReportReporter -->
<testsuite hostname="RU1204199691" name="com.example.tests.GroupModificationTests" tests="1" failures="0" timestamp="7 Nov 2013 07:38:21 GMT" time="1.380" errors="0">
  <testcase name="modifySomeGroup" time="1.380" classname="com.example.tests.GroupModificationTests"/>
</testsuite> <!-- com.example.tests.GroupModificationTests -->
