<?xml version="1.0" encoding="UTF-8"?>
<!-- Generated by org.testng.reporters.JUnitReportReporter -->
<testsuite hostname="RU1204199691" name="com.example.tests.ContactModificationTests" tests="1" failures="0" timestamp="7 Nov 2013 10:05:07 GMT" time="1.005" errors="0">
  <testcase name="modifySomeGroup" time="1.005" classname="com.example.tests.ContactModificationTests"/>
</testsuite> <!-- com.example.tests.ContactModificationTests -->
