<?xml version="1.0" encoding="UTF-8"?>
<!-- Generated by org.testng.reporters.JUnitReportReporter -->
<testsuite hostname="RMFIWAS" name="com.example.tests.ContactRemovalTests" tests="1" failures="0" timestamp="17 Nov 2013 20:40:21 GMT" time="5.038" errors="0">
  <testcase name="deleteSomeContact" time="5.038" classname="com.example.tests.ContactRemovalTests"/>
</testsuite> <!-- com.example.tests.ContactRemovalTests -->
