<?xml version="1.0" encoding="UTF-8"?>
<!-- Generated by org.testng.reporters.JUnitReportReporter -->
<testsuite hostname="RMFIWAS" name="com.example.tests.ContactCreationTests" tests="1" failures="0" timestamp="7 Nov 2013 17:41:10 GMT" time="6.572" errors="0">
  <testcase name="testNonEmptyContactCreation" time="6.572" classname="com.example.tests.ContactCreationTests"/>
</testsuite> <!-- com.example.tests.ContactCreationTests -->
