<?xml version="1.0" encoding="UTF-8"?>
<!-- Generated by org.testng.reporters.JUnitReportReporter -->
<testsuite hostname="RMLFD0456" name="com.example.tests.ContactCreationTests" tests="5" failures="0" timestamp="8 Jan 2014 21:08:04 GMT" time="26.234" errors="0">
  <testcase name="testContactCreationWithValidData" time="5.004" classname="com.example.tests.ContactCreationTests"/>
  <testcase name="testContactCreationWithValidData" time="5.293" classname="com.example.tests.ContactCreationTests"/>
  <testcase name="testContactCreationWithValidData" time="5.162" classname="com.example.tests.ContactCreationTests"/>
  <testcase name="testContactCreationWithValidData" time="5.336" classname="com.example.tests.ContactCreationTests"/>
  <testcase name="testContactCreationWithValidData" time="5.439" classname="com.example.tests.ContactCreationTests"/>
</testsuite> <!-- com.example.tests.ContactCreationTests -->
