<?xml version="1.0" encoding="UTF-8"?>
<!-- Generated by org.testng.reporters.JUnitReportReporter -->
<testsuite hostname="RMLFD0456" name="com.example.tests.ContactRemovalTests" tests="1" failures="0" timestamp="8 Jan 2014 21:10:35 GMT" time="3.897" errors="0">
  <testcase name="deleteSomeContact" time="3.897" classname="com.example.tests.ContactRemovalTests"/>
</testsuite> <!-- com.example.tests.ContactRemovalTests -->
