<?xml version="1.0" encoding="UTF-8"?>
<!-- Generated by org.testng.reporters.JUnitReportReporter -->
<testsuite hostname="RMLFD0456" name="com.example.tests.GroupRemovalTests" tests="1" failures="0" timestamp="8 Jan 2014 20:59:48 GMT" time="3.968" errors="0">
  <testcase name="deleteSomeGroup" time="3.968" classname="com.example.tests.GroupRemovalTests"/>
</testsuite> <!-- com.example.tests.GroupRemovalTests -->
