<?xml version="1.0" encoding="UTF-8"?>
<!-- Generated by org.testng.reporters.JUnitReportReporter -->
<testsuite hostname="RMFIWAS" name="com.example.tests.ContactModificationTests" tests="1" failures="0" timestamp="7 Nov 2013 17:41:54 GMT" time="5.274" errors="0">
  <testcase name="modifySomeGroup" time="5.274" classname="com.example.tests.ContactModificationTests"/>
</testsuite> <!-- com.example.tests.ContactModificationTests -->
