<?xml version="1.0" encoding="UTF-8"?>
<!-- Generated by org.testng.reporters.JUnitReportReporter -->
<testsuite hostname="RMLFD0456" name="com.example.tests.GroupModificationTests" tests="5" failures="0" timestamp="8 Jan 2014 21:00:24 GMT" time="21.973" errors="0">
  <testcase name="modifySomeGroup" time="4.546" classname="com.example.tests.GroupModificationTests"/>
  <testcase name="modifySomeGroup" time="4.099" classname="com.example.tests.GroupModificationTests"/>
  <testcase name="modifySomeGroup" time="3.962" classname="com.example.tests.GroupModificationTests"/>
  <testcase name="modifySomeGroup" time="5.354" classname="com.example.tests.GroupModificationTests"/>
  <testcase name="modifySomeGroup" time="4.012" classname="com.example.tests.GroupModificationTests"/>
</testsuite> <!-- com.example.tests.GroupModificationTests -->
