<?xml version="1.0" encoding="UTF-8"?>
<!-- Generated by org.testng.reporters.JUnitReportReporter -->
<testsuite hostname="RMFIWAS" name="com.example.tests.ContactCreationTests" tests="5" failures="0" timestamp="17 Nov 2013 21:27:38 GMT" time="37.276" errors="0">
  <testcase name="testContactCreationWithValidData" time="7.332" classname="com.example.tests.ContactCreationTests"/>
  <testcase name="testContactCreationWithValidData" time="7.172" classname="com.example.tests.ContactCreationTests"/>
  <testcase name="testContactCreationWithValidData" time="7.517" classname="com.example.tests.ContactCreationTests"/>
  <testcase name="testContactCreationWithValidData" time="7.242" classname="com.example.tests.ContactCreationTests"/>
  <testcase name="testContactCreationWithValidData" time="8.013" classname="com.example.tests.ContactCreationTests"/>
</testsuite> <!-- com.example.tests.ContactCreationTests -->
