<?xml version="1.0" encoding="UTF-8"?>
<!-- Generated by org.testng.reporters.JUnitReportReporter -->
<testsuite hostname="RMFIWAS" name="com.example.tests.ContactRemovalTests" tests="1" failures="0" timestamp="10 Nov 2013 21:24:40 GMT" time="4.349" errors="0">
  <testcase name="deleteSomeContact" time="4.349" classname="com.example.tests.ContactRemovalTests"/>
</testsuite> <!-- com.example.tests.ContactRemovalTests -->
