<?xml version="1.0" encoding="UTF-8"?>
<!-- Generated by org.testng.reporters.JUnitReportReporter -->
<testsuite hostname="RMFIWAS" name="com.example.tests.GroupRemovalTests" tests="1" failures="0" timestamp="11 Nov 2013 19:01:24 GMT" time="5.592" errors="0">
  <testcase name="deleteSomeGroup" time="5.592" classname="com.example.tests.GroupRemovalTests"/>
</testsuite> <!-- com.example.tests.GroupRemovalTests -->
