<?xml version="1.0" encoding="UTF-8"?>
<!-- Generated by org.testng.reporters.JUnitReportReporter -->
<testsuite hostname="RMLFD0456" name="com.example.tests.GroupRemovalTests" tests="1" failures="0" timestamp="2 Feb 2014 17:08:06 GMT" time="4.083" errors="0">
  <testcase name="deleteSomeGroup" time="4.083" classname="com.example.tests.GroupRemovalTests"/>
</testsuite> <!-- com.example.tests.GroupRemovalTests -->
