<?xml version="1.0" encoding="UTF-8"?>
<!-- Generated by org.testng.reporters.JUnitReportReporter -->
<testsuite hostname="RU1204199691" name="com.example.tests.GroupCreationTests" tests="2" failures="0" timestamp="7 Nov 2013 07:29:21 GMT" time="2.047" errors="0">
  <testcase name="testEmptyGroupCreation" time="1.117" classname="com.example.tests.GroupCreationTests"/>
  <testcase name="testNonEmptyGroupCreation" time="0.930" classname="com.example.tests.GroupCreationTests"/>
</testsuite> <!-- com.example.tests.GroupCreationTests -->
