<?xml version="1.0" encoding="UTF-8"?>
<!-- Generated by org.testng.reporters.JUnitReportReporter -->
<testsuite hostname="RMFIWAS" name="com.example.tests.ContactModificationTests" tests="5" failures="0" timestamp="17 Nov 2013 21:28:38 GMT" time="30.662" errors="0">
  <testcase name="modifySomeGroup" time="5.902" classname="com.example.tests.ContactModificationTests"/>
  <testcase name="modifySomeGroup" time="5.876" classname="com.example.tests.ContactModificationTests"/>
  <testcase name="modifySomeGroup" time="6.147" classname="com.example.tests.ContactModificationTests"/>
  <testcase name="modifySomeGroup" time="6.076" classname="com.example.tests.ContactModificationTests"/>
  <testcase name="modifySomeGroup" time="6.661" classname="com.example.tests.ContactModificationTests"/>
</testsuite> <!-- com.example.tests.ContactModificationTests -->
