<?xml version="1.0" encoding="UTF-8"?>
<!-- Generated by org.testng.reporters.JUnitReportReporter -->
<testsuite hostname="RMLFD0456" name="com.example.tests.ContactCreationTests" tests="2" failures="0" timestamp="2 Feb 2014 20:53:01 GMT" time="10.410" errors="0">
  <testcase name="testContactCreationWithValidData" time="5.118" classname="com.example.tests.ContactCreationTests"/>
  <testcase name="testContactCreationWithValidData" time="5.292" classname="com.example.tests.ContactCreationTests"/>
</testsuite> <!-- com.example.tests.ContactCreationTests -->
