<?xml version="1.0" encoding="UTF-8"?>
<!-- Generated by org.testng.reporters.JUnitReportReporter -->
<testsuite hostname="RMFIWAS" name="com.example.tests.GroupModificationTests" tests="5" failures="0" timestamp="11 Nov 2013 19:19:49 GMT" time="33.247" errors="0">
  <testcase name="modifySomeGroup" time="6.912" classname="com.example.tests.GroupModificationTests"/>
  <testcase name="modifySomeGroup" time="6.569" classname="com.example.tests.GroupModificationTests"/>
  <testcase name="modifySomeGroup" time="6.859" classname="com.example.tests.GroupModificationTests"/>
  <testcase name="modifySomeGroup" time="6.356" classname="com.example.tests.GroupModificationTests"/>
  <testcase name="modifySomeGroup" time="6.551" classname="com.example.tests.GroupModificationTests"/>
</testsuite> <!-- com.example.tests.GroupModificationTests -->
